<?xml version="1.0" encoding="UTF-8"?>
<testsuite xmlns:xsi="http://www.w3.org/2001/XMLSchema-instance" xsi:schemaLocation="https://maven.apache.org/surefire/maven-surefire-plugin/xsd/surefire-test-report.xsd" name="TestSuite" time="37.02" tests="4" errors="0" skipped="0" failures="4">
  <properties>
    <property name="java.runtime.name" value="Java(TM) SE Runtime Environment"/>
    <property name="java.vm.version" value="11.0.3+12-LTS"/>
    <property name="sun.boot.library.path" value="C:\Program Files\Java\jdk-11.0.3_windows-x64_bin\jdk-11.0.3\bin"/>
    <property name="maven.multiModuleProjectDirectory" value="C:\Users\speriy\eclipse-workspace\SumoWeb-TestAutomation"/>
    <property name="java.vm.vendor" value="Oracle Corporation"/>
    <property name="java.vendor.url" value="http://java.oracle.com/"/>
    <property name="guice.disable.misplaced.annotation.check" value="true"/>
    <property name="path.separator" value=";"/>
    <property name="java.vm.name" value="Java HotSpot(TM) 64-Bit Server VM"/>
    <property name="sun.os.patch.level" value=""/>
    <property name="user.script" value=""/>
    <property name="user.country" value="US"/>
    <property name="sun.java.launcher" value="SUN_STANDARD"/>
    <property name="java.vm.specification.name" value="Java Virtual Machine Specification"/>
    <property name="user.dir" value="C:\Users\speriy\eclipse-workspace\SumoWeb-TestAutomation"/>
    <property name="java.vm.compressedOopsMode" value="32-bit"/>
    <property name="java.runtime.version" value="11.0.3+12-LTS"/>
    <property name="java.awt.graphicsenv" value="sun.awt.Win32GraphicsEnvironment"/>
    <property name="os.arch" value="amd64"/>
    <property name="java.io.tmpdir" value="C:\Users\speriy\AppData\Local\Temp\"/>
    <property name="line.separator" value="&#10;"/>
    <property name="java.vm.specification.vendor" value="Oracle Corporation"/>
    <property name="user.variant" value=""/>
    <property name="os.name" value="Windows 10"/>
    <property name="classworlds.conf" value="C:\Users\speriy\eclipse-workspace\.metadata\.plugins\org.eclipse.m2e.launching\launches\m2conf170234097538034378.tmp"/>
    <property name="sun.jnu.encoding" value="Cp1252"/>
    <property name="java.library.path" value="C:\Program Files\Java\jdk-11.0.3_windows-x64_bin\jdk-11.0.3\bin;C:\WINDOWS\Sun\Java\bin;C:\WINDOWS\system32;C:\WINDOWS;C:/Program Files/Java/jdk-11.0.3_windows-x64_bin/jdk-11.0.3/bin/server;C:/Program Files/Java/jdk-11.0.3_windows-x64_bin/jdk-11.0.3/bin;C:\Program Files\Java\jdk-11.0.3_windows-x64_bin\jdk-11.0.3\bin;C:\Files needed for Testing Automation\apache-maven-3.6.1-bin\apache-maven-3.6.1\bin;C:\Users\speriy\AppData\Local\Microsoft\WindowsApps;C:\Program Files\Git\bin;C:\Files needed for Testing Automation\Jenkins;;C:\Users\speriy\Downloads\eclipse-jee-2018-12-R-win32-x86_64\eclipse;;."/>
    <property name="jdk.debug" value="release"/>
    <property name="java.class.version" value="55.0"/>
    <property name="java.specification.name" value="Java Platform API Specification"/>
    <property name="sun.management.compiler" value="HotSpot 64-Bit Tiered Compilers"/>
    <property name="os.version" value="10.0"/>
    <property name="user.home" value="C:\Users\speriy"/>
    <property name="user.timezone" value="Europe/Berlin"/>
    <property name="java.awt.printerjob" value="sun.awt.windows.WPrinterJob"/>
    <property name="file.encoding" value="Cp1252"/>
    <property name="java.specification.version" value="11"/>
    <property name="user.name" value="speriy"/>
    <property name="java.class.path" value="C:\Users\speriy\Downloads\eclipse-jee-2018-12-R-win32-x86_64\eclipse\plugins\org.eclipse.m2e.maven.runtime_1.10.0.20181127-2120\jars\plexus-classworlds-2.5.2.jar"/>
    <property name="java.vm.specification.version" value="11"/>
    <property name="sun.arch.data.model" value="64"/>
    <property name="sun.java.command" value="org.codehaus.plexus.classworlds.launcher.Launcher -B clean install"/>
    <property name="java.home" value="C:\Program Files\Java\jdk-11.0.3_windows-x64_bin\jdk-11.0.3"/>
    <property name="user.language" value="en"/>
    <property name="java.specification.vendor" value="Oracle Corporation"/>
    <property name="awt.toolkit" value="sun.awt.windows.WToolkit"/>
    <property name="java.vm.info" value="mixed mode"/>
    <property name="java.version" value="11.0.3"/>
    <property name="java.vendor" value="Oracle Corporation"/>
    <property name="maven.home" value="C:\Users\speriy\eclipse-workspace\SumoWeb-TestAutomation\EMBEDDED"/>
    <property name="file.separator" value="\"/>
    <property name="java.version.date" value="2019-04-16"/>
    <property name="java.vendor.url.bug" value="http://bugreport.java.com/bugreport/"/>
    <property name="sun.io.unicode.encoding" value="UnicodeLittle"/>
    <property name="sun.cpu.endian" value="little"/>
    <property name="java.vendor.version" value="18.9"/>
    <property name="sun.desktop" value="windows"/>
    <property name="sun.cpu.isalist" value="amd64"/>
  </properties>
  <testcase name="LogginnFunction_Testcase" classname="sumo.qa.testcases.FrontpageTest" time="2.581">
    <failure message="LogginFunction is not working expected [Saranraj123] but found [Saranraj]" type="java.lang.AssertionError">java.lang.AssertionError: LogginFunction is not working expected [Saranraj123] but found [Saranraj]
	at sumo.qa.testcases.FrontpageTest.LogginnFunction_Testcase(FrontpageTest.java:75)
</failure>
    <system-err><![CDATA[Starting ChromeDriver 74.0.3729.6 (255758eccf3d244491b8a1317aa76e1ce10d57e9-refs/branch-heads/3729@{#29}) on port 12818
Only local connections are allowed.
Please protect ports used by ChromeDriver and related test frameworks to prevent access by malicious code.
Jun 14, 2019 2:35:59 PM org.openqa.selenium.remote.ProtocolHandshake createSession
INFO: Detected dialect: OSS
]]></system-err>
  </testcase>
  <testcase name="GlemtPassordLink_Click_Testcase" classname="sumo.qa.testcases.FrontpageTest" time="0.298">
    <failure message="Glemt Passordlink is not working expected [Få passord123] but found [Få passord]" type="java.lang.AssertionError">java.lang.AssertionError: Glemt Passordlink is not working expected [Få passord123] but found [Få passord]
	at sumo.qa.testcases.FrontpageTest.GlemtPassordLink_Click_Testcase(FrontpageTest.java:84)
</failure>
    <system-err><![CDATA[Starting ChromeDriver 74.0.3729.6 (255758eccf3d244491b8a1317aa76e1ce10d57e9-refs/branch-heads/3729@{#29}) on port 32905
Only local connections are allowed.
Please protect ports used by ChromeDriver and related test frameworks to prevent access by malicious code.
Jun 14, 2019 2:36:10 PM org.openqa.selenium.remote.ProtocolHandshake createSession
INFO: Detected dialect: OSS
]]></system-err>
  </testcase>
  <testcase name="NyBruker_FåtilgangNåLink_Click_Testcase" classname="sumo.qa.testcases.FrontpageTest" time="1.123">
    <failure message="Ny bruker? Få tilgang nå! Link is not working expected [Registrer ny bruker123] but found [Registrer ny bruker]" type="java.lang.AssertionError">java.lang.AssertionError: Ny bruker? Få tilgang nå! Link is not working expected [Registrer ny bruker123] but found [Registrer ny bruker]
	at sumo.qa.testcases.FrontpageTest.NyBruker_FåtilgangNåLink_Click_Testcase(FrontpageTest.java:94)
</failure>
    <system-err><![CDATA[Starting ChromeDriver 74.0.3729.6 (255758eccf3d244491b8a1317aa76e1ce10d57e9-refs/branch-heads/3729@{#29}) on port 33454
Only local connections are allowed.
Please protect ports used by ChromeDriver and related test frameworks to prevent access by malicious code.
Jun 14, 2019 2:36:18 PM org.openqa.selenium.remote.ProtocolHandshake createSession
INFO: Detected dialect: OSS
]]></system-err>
  </testcase>
  <testcase name="logginnBtn_Click_Testcase" classname="sumo.qa.testcases.FrontpageTest" time="0.119">
    <failure message="Logginn Button is not working  expected [Logg inn123] but found [Logg inn]" type="java.lang.AssertionError">java.lang.AssertionError: Logginn Button is not working  expected [Logg inn123] but found [Logg inn]
	at sumo.qa.testcases.FrontpageTest.logginnBtn_Click_Testcase(FrontpageTest.java:103)
</failure>
    <system-err><![CDATA[Starting ChromeDriver 74.0.3729.6 (255758eccf3d244491b8a1317aa76e1ce10d57e9-refs/branch-heads/3729@{#29}) on port 37464
Only local connections are allowed.
Please protect ports used by ChromeDriver and related test frameworks to prevent access by malicious code.
Jun 14, 2019 2:36:26 PM org.openqa.selenium.remote.ProtocolHandshake createSession
INFO: Detected dialect: OSS
]]></system-err>
  </testcase>
</testsuite>