<?xml version="1.0" encoding="UTF-8"?>
<!-- Generated by org.testng.reporters.JUnitReportReporter -->
<testsuite hostname="PC7425" failures="0" tests="6" name="sumo.qa.testcases.FrontpageTest" time="92.238" errors="0" timestamp="09 Dec 2019 15:23:33 GMT" skipped="0">
  <testcase classname="sumo.qa.testcases.FrontpageTest" name="LogginnFunction_Test" time="30.865"/>
  <testcase classname="sumo.qa.testcases.FrontpageTest" name="GlemtPassordLink_Click_Test" time="9.613"/>
  <testcase classname="sumo.qa.testcases.FrontpageTest" name="NyBruker_FaatilgangNaaLink_Test" time="9.821"/>
  <testcase classname="sumo.qa.testcases.FrontpageTest" name="logginnBtn_Click_Test" time="9.870"/>
  <testcase classname="sumo.qa.testcases.FrontpageTest" name="LogginnAvbrytBtn_Click_Test" time="16.382"/>
  <testcase classname="sumo.qa.testcases.FrontpageTest" name="SumoLogo_Click_Test" time="15.687"/>
</testsuite> <!-- sumo.qa.testcases.FrontpageTest -->
