<?xml version="1.0" encoding="UTF-8"?>
<!-- Generated by org.testng.reporters.JUnitReportReporter -->
<testsuite hostname="PC7425" failures="0" tests="1" name="sumo.qa.testcases.NybrukerTest" time="12.458" errors="0" timestamp="10 Dec 2019 15:41:09 GMT" skipped="0">
  <testcase classname="sumo.qa.testcases.NybrukerTest" name="goToPakkerTest" time="12.458"/>
</testsuite> <!-- sumo.qa.testcases.NybrukerTest -->
