<?xml version="1.0" encoding="UTF-8"?>
<!-- Generated by org.testng.reporters.JUnitReportReporter -->
<testsuite hostname="PC7425" failures="0" tests="1" name="sumo.qa.testcases.FrontpageTest" time="27.707" errors="0" timestamp="12 Nov 2019 09:07:19 GMT" skipped="0">
  <testcase classname="sumo.qa.testcases.FrontpageTest" name="LogginnFunction_Test" time="27.707"/>
</testsuite> <!-- sumo.qa.testcases.FrontpageTest -->
