<?xml version="1.0" encoding="UTF-8"?>
<!-- Generated by org.testng.reporters.JUnitReportReporter -->
<testsuite hostname="PC7425" failures="0" tests="1" name="sumo.qa.testcases.FrontpageTest" time="14.897" errors="0" timestamp="13 Dec 2019 11:42:25 GMT" skipped="0">
  <testcase classname="sumo.qa.testcases.FrontpageTest" name="SumoLogo_Click_Test" time="14.897"/>
</testsuite> <!-- sumo.qa.testcases.FrontpageTest -->
