<?xml version="1.0" encoding="UTF-8"?>
<!-- Generated by org.testng.reporters.JUnitReportReporter -->
<testsuite hostname="PC7425" failures="1" tests="6" name="sumo.qa.testcases.FrontpageTest" time="50.281" errors="0" timestamp="11 Dec 2019 13:24:21 GMT" skipped="0">
  <testcase classname="sumo.qa.testcases.FrontpageTest" name="LogginnFunction_Test" time="11.749"/>
  <testcase classname="sumo.qa.testcases.FrontpageTest" name="GlemtPassordLink_Click_Test" time="8.749">
    <failure message="Glemt Passordlink is not working expected [F책 passord123] but found [F책 passord]" type="java.lang.AssertionError">
      <![CDATA[java.lang.AssertionError: Glemt Passordlink is not working expected [F책 passord123] but found [F책 passord]
at org.testng.Assert.fail(Assert.java:96)
at org.testng.Assert.failNotEquals(Assert.java:776)
at org.testng.Assert.assertEqualsImpl(Assert.java:137)
at org.testng.Assert.assertEquals(Assert.java:118)
at org.testng.Assert.assertEquals(Assert.java:453)
at sumo.qa.testcases.FrontpageTest.GlemtPassordLink_Click_Test_aroundBody2(FrontpageTest.java:104)
at sumo.qa.testcases.FrontpageTest$AjcClosure3.run(FrontpageTest.java:1)
at org.aspectj.runtime.reflect.JoinPointImpl.proceed(JoinPointImpl.java:149)
at io.qameta.allure.aspects.StepsAspects.step(StepsAspects.java:51)
at sumo.qa.testcases.FrontpageTest.GlemtPassordLink_Click_Test(FrontpageTest.java:103)
at java.base/jdk.internal.reflect.NativeMethodAccessorImpl.invoke0(Native Method)
at java.base/jdk.internal.reflect.NativeMethodAccessorImpl.invoke(NativeMethodAccessorImpl.java:62)
at java.base/jdk.internal.reflect.DelegatingMethodAccessorImpl.invoke(DelegatingMethodAccessorImpl.java:43)
at java.base/java.lang.reflect.Method.invoke(Method.java:566)
at org.testng.internal.MethodInvocationHelper.invokeMethod(MethodInvocationHelper.java:124)
at org.testng.internal.Invoker.invokeMethod(Invoker.java:580)
at org.testng.internal.Invoker.invokeTestMethod(Invoker.java:716)
at org.testng.internal.Invoker.invokeTestMethods(Invoker.java:988)
at org.testng.internal.TestMethodWorker.invokeTestMethods(TestMethodWorker.java:125)
at org.testng.internal.TestMethodWorker.run(TestMethodWorker.java:109)
at org.testng.TestRunner.privateRun(TestRunner.java:648)
at org.testng.TestRunner.run(TestRunner.java:505)
at org.testng.SuiteRunner.runTest(SuiteRunner.java:455)
at org.testng.SuiteRunner.runSequentially(SuiteRunner.java:450)
at org.testng.SuiteRunner.privateRun(SuiteRunner.java:415)
at org.testng.SuiteRunner.run(SuiteRunner.java:364)
at org.testng.SuiteRunnerWorker.runSuite(SuiteRunnerWorker.java:52)
at org.testng.SuiteRunnerWorker.run(SuiteRunnerWorker.java:84)
at org.testng.TestNG.runSuitesSequentially(TestNG.java:1208)
at org.testng.TestNG.runSuitesLocally(TestNG.java:1137)
at org.testng.TestNG.runSuites(TestNG.java:1049)
at org.testng.TestNG.run(TestNG.java:1017)
at org.testng.remote.AbstractRemoteTestNG.run(AbstractRemoteTestNG.java:115)
at org.testng.remote.RemoteTestNG.initAndRun(RemoteTestNG.java:251)
at org.testng.remote.RemoteTestNG.main(RemoteTestNG.java:77)
]]>
    </failure>
  </testcase> <!-- GlemtPassordLink_Click_Test -->
  <testcase classname="sumo.qa.testcases.FrontpageTest" name="NyBruker_FaatilgangNaaLink_Test" time="7.544"/>
  <testcase classname="sumo.qa.testcases.FrontpageTest" name="logginnBtn_Click_Test" time="7.499"/>
  <testcase classname="sumo.qa.testcases.FrontpageTest" name="LogginnAvbrytBtn_Click_Test" time="7.473"/>
  <testcase classname="sumo.qa.testcases.FrontpageTest" name="SumoLogo_Click_Test" time="7.267"/>
</testsuite> <!-- sumo.qa.testcases.FrontpageTest -->
