<?xml version="1.0" encoding="UTF-8"?>
<!-- Generated by org.testng.reporters.JUnitReportReporter -->
<testsuite hostname="PC7425" failures="0" tests="1" name="sumo.qa.testcases.NybrukerTest" time="10.871" errors="0" timestamp="11 Dec 2019 12:28:00 GMT" skipped="0">
  <testcase classname="sumo.qa.testcases.NybrukerTest" name="goToPakkerTest" time="10.871"/>
</testsuite> <!-- sumo.qa.testcases.NybrukerTest -->
