<?xml version="1.0" encoding="UTF-8"?>
<!-- Generated by org.testng.reporters.JUnitReportReporter -->
<testsuite hostname="PC7425" failures="0" tests="1" name="sumo.qa.testcases.NybrukerTest" time="0.015" errors="0" timestamp="18 Sep 2019 13:42:18 GMT" skipped="0">
  <testcase classname="sumo.qa.testcases.NybrukerTest" name="NybrukerTest" time="0.015"/>
</testsuite> <!-- sumo.qa.testcases.NybrukerTest -->
