<?xml version="1.0" encoding="UTF-8"?>
<!-- Generated by org.testng.reporters.JUnitReportReporter -->
<testsuite hostname="PC7425" failures="0" tests="3" name="sumo.qa.testcases.TestcaseTrialTest" time="14.965" errors="0" timestamp="22 May 2019 11:10:32 GMT" skipped="0">
  <testcase classname="sumo.qa.testcases.TestcaseTrialTest" name="Testcase3" time="5.479"/>
  <testcase classname="sumo.qa.testcases.TestcaseTrialTest" name="Testcase2" time="4.581"/>
  <testcase classname="sumo.qa.testcases.TestcaseTrialTest" name="Testcase1" time="4.905"/>
</testsuite> <!-- sumo.qa.testcases.TestcaseTrialTest -->
