<?xml version="1.0" encoding="UTF-8"?>
<!-- Generated by org.testng.reporters.JUnitReportReporter -->
<testsuite hostname="PC7425" failures="0" tests="1" name="sumo.qa.testcases.NybrukerTest" time="15.263" errors="0" timestamp="01 Oct 2019 08:57:13 GMT" skipped="0">
  <testcase classname="sumo.qa.testcases.NybrukerTest" name="goToPakkerTest" time="15.263"/>
</testsuite> <!-- sumo.qa.testcases.NybrukerTest -->
