<?xml version="1.0" encoding="UTF-8"?>
<!-- Generated by org.testng.reporters.JUnitReportReporter -->
<testsuite hostname="PC7425" failures="0" tests="6" name="sumo.qa.testcases.FrontpageTest" time="61.423" errors="0" timestamp="20 Sep 2019 13:19:45 GMT" skipped="0">
  <testcase classname="sumo.qa.testcases.FrontpageTest" name="LogginnFunction_Test" time="17.598"/>
  <testcase classname="sumo.qa.testcases.FrontpageTest" name="GlemtPassordLink_Click_Test" time="7.016"/>
  <testcase classname="sumo.qa.testcases.FrontpageTest" name="NyBruker_FaatilgangNaaLink_Test" time="7.009"/>
  <testcase classname="sumo.qa.testcases.FrontpageTest" name="logginnBtn_Click_Test" time="6.875"/>
  <testcase classname="sumo.qa.testcases.FrontpageTest" name="LogginnAvbrytBtn_Click_Test" time="13.974"/>
  <testcase classname="sumo.qa.testcases.FrontpageTest" name="SumoLogo_Click_Test" time="8.951"/>
</testsuite> <!-- sumo.qa.testcases.FrontpageTest -->
