<?xml version="1.0" encoding="UTF-8"?>
<!-- Generated by org.testng.reporters.JUnitReportReporter -->
<testsuite hostname="PC7425" failures="0" tests="6" name="sumo.qa.testcases.FrontpageTest" time="58.459" errors="0" timestamp="28 Jun 2019 07:21:24 GMT" skipped="0">
  <testcase classname="sumo.qa.testcases.FrontpageTest" name="LogginnFunction_Test" time="10.188"/>
  <testcase classname="sumo.qa.testcases.FrontpageTest" name="GlemtPassordLink_Click_Test" time="7.643"/>
  <testcase classname="sumo.qa.testcases.FrontpageTest" name="NyBruker_FaatilgangNaaLink_Test" time="8.360"/>
  <testcase classname="sumo.qa.testcases.FrontpageTest" name="logginnBtn_Click_Test" time="7.965"/>
  <testcase classname="sumo.qa.testcases.FrontpageTest" name="LogginnAvbrytBtn_Click_Test" time="16.749"/>
  <testcase classname="sumo.qa.testcases.FrontpageTest" name="SumoLogo_Click_Test" time="7.554"/>
</testsuite> <!-- sumo.qa.testcases.FrontpageTest -->
