<?xml version="1.0" encoding="UTF-8"?>
<!-- Generated by org.testng.reporters.JUnitReportReporter -->
<testsuite hostname="PC7425" failures="0" tests="4" name="sumo.qa.testcases.FrontpageTest" time="34.377" errors="0" timestamp="27 May 2019 08:01:11 GMT" skipped="0">
  <testcase classname="sumo.qa.testcases.FrontpageTest" name="LogginnFunction_Testcase" time="10.147"/>
  <testcase classname="sumo.qa.testcases.FrontpageTest" name="GlemtPassordLink_Click_Testcase" time="7.724"/>
  <testcase classname="sumo.qa.testcases.FrontpageTest" name="NyBruker_FåtilgangNåLink_Click_Testcase" time="8.398"/>
  <testcase classname="sumo.qa.testcases.FrontpageTest" name="logginnBtn_Click_Testcase" time="8.108"/>
</testsuite> <!-- sumo.qa.testcases.FrontpageTest -->
