<?xml version="1.0" encoding="UTF-8"?>
<!-- Generated by org.testng.reporters.JUnitReportReporter -->
<testsuite hostname="PC7425" failures="0" tests="4" name="sumo.qa.testcases.FrontpageTest" time="35.587" errors="0" timestamp="23 May 2019 09:12:04 GMT" skipped="0">
  <testcase classname="sumo.qa.testcases.FrontpageTest" name="LogginnFunction_Testcase" time="10.219"/>
  <testcase classname="sumo.qa.testcases.FrontpageTest" name="GlemtPassordLink_Click_Testcase" time="7.599"/>
  <testcase classname="sumo.qa.testcases.FrontpageTest" name="NyBruker_FåtilgangNåLink_Click_Testcase" time="9.229"/>
  <testcase classname="sumo.qa.testcases.FrontpageTest" name="logginnBtn_Click_Testcase" time="8.540"/>
</testsuite> <!-- sumo.qa.testcases.FrontpageTest -->
