<?xml version="1.0" encoding="UTF-8"?>
<!-- Generated by org.testng.reporters.JUnitReportReporter -->
<testsuite hostname="PC7425" failures="0" tests="3" name="sumo.qa.testcases.TestcaseTrialTest" time="15.537" errors="0" timestamp="22 May 2019 12:01:58 GMT" skipped="0">
  <testcase classname="sumo.qa.testcases.TestcaseTrialTest" name="Testcase2" time="4.854"/>
  <testcase classname="sumo.qa.testcases.TestcaseTrialTest" name="Testcase1" time="5.530"/>
  <testcase classname="sumo.qa.testcases.TestcaseTrialTest" name="Testcase3" time="5.153"/>
</testsuite> <!-- sumo.qa.testcases.TestcaseTrialTest -->
