<?xml version="1.0" encoding="UTF-8"?>
<!-- Generated by org.testng.reporters.JUnitReportReporter -->
<testsuite hostname="PC7425" failures="0" tests="3" name="sumo.qa.testcases.FrontpageTest" time="24.059" errors="0" timestamp="22 May 2019 16:18:51 GMT" skipped="0">
  <testcase classname="sumo.qa.testcases.FrontpageTest" name="logginnBtn_Click_Testcase" time="8.047"/>
  <testcase classname="sumo.qa.testcases.FrontpageTest" name="GlemtPassordLink_Click_Testcase" time="7.701"/>
  <testcase classname="sumo.qa.testcases.FrontpageTest" name="NyBruker_FåtilgangNåLink_Click_Testcase" time="8.311"/>
</testsuite> <!-- sumo.qa.testcases.FrontpageTest -->
